<?xml version="1.0" encoding="UTF-8"?>
<!-- Generated by org.testng.reporters.JUnitReportReporter -->
<testsuite hostname="LAPTOP-BTE0Q6G2" failures="0" tests="3" name="com.crm.qa.testcases.LoginPageTest" time="43.937" errors="0" timestamp="20 May 2023 20:17:39 GMT" skipped="0">
  <testcase classname="com.crm.qa.testcases.LoginPageTest" name="loginPageTitleTest" time="10.867"/>
  <testcase classname="com.crm.qa.testcases.LoginPageTest" name="crmLogoImageTest" time="10.136"/>
  <testcase classname="com.crm.qa.testcases.LoginPageTest" name="loginTest" time="22.934"/>
</testsuite> <!-- com.crm.qa.testcases.LoginPageTest -->
