<?xml version="1.0" encoding="UTF-8"?>
<!-- Generated by org.testng.reporters.JUnitReportReporter -->
<testsuite hostname="LAPTOP-BTE0Q6G2" failures="0" tests="3" name="com.crm.qa.testcases.HomePageTest" time="70.554" errors="0" timestamp="22 May 2023 20:01:32 GMT" skipped="0">
  <testcase classname="com.crm.qa.testcases.HomePageTest" name="verifyHomePageTitleTest1" time="21.327"/>
  <testcase classname="com.crm.qa.testcases.HomePageTest" name="verifyUserNameTest" time="24.743"/>
  <testcase classname="com.crm.qa.testcases.HomePageTest" name="verifyContactslinkTest" time="24.484"/>
</testsuite> <!-- com.crm.qa.testcases.HomePageTest -->
